Start testing: Nov 05 22:16 IST
----------------------------------------------------------
1/1 Testing: BasicTest
1/1 Test: BasicTest
Command: "/Users/suryasaladi/ci_fundamentals/build/runTests"
Directory: /Users/suryasaladi/ci_fundamentals/build
"BasicTest" start time: Nov 05 22:16 IST
Output:
----------------------------------------------------------
<end of output>
Test time =   0.49 sec
----------------------------------------------------------
Test Passed.
"BasicTest" end time: Nov 05 22:16 IST
"BasicTest" time elapsed: 00:00:00
----------------------------------------------------------

End testing: Nov 05 22:16 IST
